<?xml version="1.0" encoding="UTF-8"?>
<testsuite xmlns:xsi="http://www.w3.org/2001/XMLSchema-instance" xsi:noNamespaceSchemaLocation="https://maven.apache.org/surefire/maven-surefire-plugin/xsd/surefire-test-report-3.0.xsd" version="3.0" name="com.logistics.calculation.domain.algorithm.WeiszfeldAlgorithmTest$Convergence" time="0.012" tests="5" errors="0" skipped="0" failures="0">
  <properties>
[...]
</properties>
  <testcase name="algorithmId_returnsExpectedString" classname="com.logistics.calculation.domain.algorithm.WeiszfeldAlgorithmTest" time="0.002"/>
  <testcase name="convergesWithinTolerance" classname="com.logistics.calculation.domain.algorithm.WeiszfeldAlgorithmTest$Convergence" time="0.002"/>
  <testcase name="iterationCountGreaterThanOne" classname="com.logistics.calculation.domain.algorithm.WeiszfeldAlgorithmTest$Convergence" time="0.004"/>
  <testcase name="weiszfeldCloseToSimpleForBalancedNetworks" classname="com.logistics.calculation.domain.algorithm.WeiszfeldAlgorithmTest$Convergence" time="0.001"/>
  <testcase name="convergenceErrorIsFiniteAndNonNegative" classname="com.logistics.calculation.domain.algorithm.WeiszfeldAlgorithmTest$Convergence" time="0.001"/>
</testsuite>